app/build/intermediates/manifest_merge_blame_file/debug/manifest-merger-blame-debug-report.txt
1<?xml version="1.0" encoding="utf-8"?>
2<manifest xmlns:android="http://schemas.android.com/apk/res/android"
3    package="com.example.android.bluescanner"
4    android:versionCode="1"
5    android:versionName="1.0" >
6
7    <uses-sdk
8        android:minSdkVersion="25"
8-->src\main\AndroidManifest.xml
9        android:targetSdkVersion="29" />
9-->src\main\AndroidManifest.xml
10
11    <uses-feature
11-->src\main\AndroidManifest.xml:5:5-7:35
12        android:name="android.hardware.bluetooth_le"
12-->src\main\AndroidManifest.xml:6:9-53
13        android:required="true" />
13-->src\main\AndroidManifest.xml:7:9-32
14
15    <uses-permission android:name="android.permission.BLUETOOTH" />
15-->src\main\AndroidManifest.xml:9:5-68
15-->src\main\AndroidManifest.xml:9:22-65
16    <uses-permission android:name="android.permission.BLUETOOTH_ADMIN" />
16-->src\main\AndroidManifest.xml:10:5-74
16-->src\main\AndroidManifest.xml:10:22-71
17
18    <application
18-->src\main\AndroidManifest.xml:13:5-34:19
19        android:allowBackup="true"
19-->src\main\AndroidManifest.xml:14:9-35
20        android:appComponentFactory="androidx.core.app.CoreComponentFactory"
20-->[androidx.core:core:1.1.0] AndroidManifest.xml:24:18-86
21        android:debuggable="true"
22        android:extractNativeLibs="false"
23        android:icon="@mipmap/ic_launcher"
23-->src\main\AndroidManifest.xml:15:9-43
24        android:label="@string/app_name"
24-->src\main\AndroidManifest.xml:16:9-41
25        android:supportsRtl="true"
25-->src\main\AndroidManifest.xml:17:9-35
26        android:theme="@style/AppTheme" >
26-->src\main\AndroidManifest.xml:18:9-40
27        <activity
27-->src\main\AndroidManifest.xml:19:9-26:20
28            android:name="com.example.android.bluescanner.MainActivity"
28-->src\main\AndroidManifest.xml:20:13-41
29            android:label="@string/app_name" >
29-->src\main\AndroidManifest.xml:21:13-45
30            <intent-filter>
30-->src\main\AndroidManifest.xml:22:13-25:29
31                <action android:name="android.intent.action.MAIN" />
31-->src\main\AndroidManifest.xml:23:17-69
31-->src\main\AndroidManifest.xml:23:25-66
32
33                <category android:name="android.intent.category.LAUNCHER" />
33-->src\main\AndroidManifest.xml:24:17-77
33-->src\main\AndroidManifest.xml:24:27-74
34            </intent-filter>
35        </activity>
36        <activity android:name="com.example.android.bluescanner.DeviceControllerActivity" />
36-->src\main\AndroidManifest.xml:27:9-62
36-->src\main\AndroidManifest.xml:27:19-59
37
38        <service
38-->src\main\AndroidManifest.xml:29:9-31:38
39            android:name="com.example.android.bluescanner.BluetoothLeService"
39-->src\main\AndroidManifest.xml:30:13-47
40            android:enabled="true" />
40-->src\main\AndroidManifest.xml:31:13-35
41
42        <activity android:name="com.example.android.bluescanner.Main2Activity" />
42-->src\main\AndroidManifest.xml:33:9-60
42-->src\main\AndroidManifest.xml:33:19-48
43    </application>
44
45</manifest>